Andy Anguiano
2316199
aanguiano@chapman.edu


38
Sum of lines: 6
Mean of line length: 6.33333
Variance of line length: 5.46667
Standard Deviation of line length: 2.33809

The probabilities of the following items:
A: 0.315789
C: 0.210526
T: 0.210526
G: 0.263158
AA: 0.0263158
AC: 0.0526316
AT: 0.0789474
AG: 0.0526316
CA: 0
CC: 0.0263158
CT: 0.0263158
CG: 0.0263158
GA: 0.0526316
GC: 0.0263158
GT: 0
GG: 0.0263158
TA: 0.0263158
TC: 0.0263158
TT: 0
TG: 0.0526316
gttac
gcgcct
gagaaa
caatact
gcctag
ctactta
aagtca

tttagcg
gactt
ggcgac
catcgtg
ctctgtca
atgcgag
aaa
ataa
ttgcgca
aag
agatacaa
gtggaa
aactggaat
atataatgaa
tcggcgagg
gtggagtttt
ttgcat
gagagcc
gagctaggac
cctcacgta
caga
cgggcaggg
atggag
tgaacg
agaca
tcacttg
gcgtttat
tttcga
cctcaagga
tgaa
accttgtt
cggaa
gcacactgagg
tgcagctc
ggtct
ag
atgact
ctaacag
aacggca
ggca
agcgg
aatacata
ctgaaggta
gagggaca
cgagacc
aggtgt
gagtgg
cgtg
agagggaaaag
cgtgata
tg
cgtggta
tcgtt
gttct
ggtag
tttgcggg
gagctcac
tcgcacaca
tgcct
ggaagtgcctt
gcgactc
acggtag
cgggac
tagt
agg
aggaa
tggttacctg
atctgca
tggtaaa
aaa
aacgtag
cc
tgaact
tacag
tgcag
gtagat
aaa
gattatcag
ctt
gaag
tcaccaggc
cagag
tgcggtaaac
gttgc
aacagtccaa
aaaggatta
gagggt
taaataga
gattcgccgc
acagatga
atga

caacaga
gggttaaga
cggggct
agccatcg
tggcgcg
ggaaagtg
aata
aagtac
aaggtagg
gagggga
aacccgactg
gcccagat
gccaaagaa
cataa
tatggaatgat
ggcttgcata
cgcgg
aaag
gacccca
ttcaacct
cacagta
taccggt
aattaca
gacccgt
tgatccc
attatta
caaagaga
taggt
catct
taagca
atagatgt
ata
tg
tctaaact
gcccg
gg
aggcgacc
aaacacg
aggcaagttac
acttg
accagtc
gttccc
tggatc
gctcgagag
cctaagtga
aaggagtg
agaagt
tatc
ggtaaaa
agcgga
gacgt
aaaagaaagt
agtcgct
agcgttcgac
catgaa
caattgccg
gggcc
agaaagat
agacggag
aggcca
cgggctgcggc
cgatcg
gtagccacgtta
ggtac
cata
cttcgg
ttacgaat
cgggt
cctcggtcgcaa
aaccg
ccata
atccac
atagcc
ggga
ggcataagga
tgatccggt
gtgccgccca
aattta
aaatgcg
tctgta
ggaag
tgagagc
ctctggaca
aacgatta
acgctg
gtt
gaatg
taaaaaat
gcta
gtcctaaa
cgtgct
atgat
catgagc
ttataaagta
tatta
tcacgtat
tgct
aactag
ccac
ggagaaca
gttttta
gaaaacggga
gtt
ttattggggg
tggtttaag
gagcacga
aac
agcggac
aaaggagca
cggctagtg
gaactgt
actga
gcc
aaatat
cccggt
ggatt
taaccg
gtacaaa
gaact
gatgtgc
ccataa
ctagaaat
aagatgtg
tcccg
agta
cgacgtgtagca
aatgaaa
ctaataatg
actgatgg
tacttga
acaaca
aacaa
aatggag
agatga
gcaaggggg
atgaa
tccgtg
gtagggagggc
agtag
gaacc
caacttcgg
ctcgcgg
tcaaaa
ttc
gcagataa
aaac
acttgata
tcta
ggag
gagtat
gccgaagaaa
ggaaagta
gac
gaaggctc
ttcaggg
tccggg
ggcgcgg
atgta
ctcagggc
agtctgtc
atact
gatggga
gcgtg
cagaaa
aagg
tttggggga
cgaag
tcgac
ggcag
gctatcttc
agc
agtt
actgt
aa
ac
ccgg
ccctctt
acaaa
gaaggaa
cgcac
tggc
gacac
agtct
agctatc
gaca
tacagg
ttgtcgcg
ttatagc
gaccac
tcaac
aaggtgg
tggga
gtgaaa
accat
aggggaccg
atatatt
tttctatt
ta
tt
aagcc
cgtacta
gaagtaa
aaaatg
atagggcct
atataa
attgaaga
gtccaa
gggcttcat
gccccac
gcaacgg
tcgcaaca
atgg
atagctatt
gatcta
cag
aggg
tcttaatca
acaattc
gaa
aacacct
tacgccg
actac
gtctaaacc
tagattc
tagcat
acca
tgattgag
ccaatgggt
aacgctaca
ttatca
cacccaaa
aaccctt
agaggatgga
gct
aataaaagcggc
gggaag
aaaggcc
ctacac
tacaatt
ataag
gg
aacgtgaa
tttc
aaggagggct
gccgctac
cgtcgg
gaacgcac
cattca
agtga
atag
ctatgga
gaggat
gtgggga
a
tct
taaaa
cccgcac
accggca
gcaga
atgc
tagggg
g
tggctaaggaa
gtgaagg
agcatagta
gagga
agttcgg
aaaagtgg
aggt
ttttaaat
aggtgta
gccaaacgg
tagttttt
ttgcgaat
cagtat
ggcc
agaagta
gagtcccg

gaaatggc
gaatttact
ggaaa
gatactca
caaacaa
atttgccgg
gaacagc
atactct
cagcac
tcacg
aagg
cgaga
atggaaaactg
gga
actgaaat
actccgac
caaaccga
cggacgcg
ggacagaa
agtcg
cccggaat
ccgatccc
ggcattac
aaggtc
ccagtgtt
ccgtat
tacgcgtaagg
acgtac
cacttct
atccc
aaatgag
ctggg
tcttgtg
ggctgcaggac
caaatt
ttatgt
ataga
g
acgtaataa
acatgagc
gtacaag
tttcg
g
actgcg
cg
aatcc
agaaggg
caggcgat
ctttc
cggctg
ggcccggccat
tagca
cggtc
atcaga
cattgagg
tcata
taaa
gct
tcacgaac
ttgtaggcaa
ccgtaa
ataaaaa
ccc
agttataaa
tcttagt
aatcgcgataa
aataaaa
aagaacac
gcgctcg
gtata
aaattatgca
cg
tactgag
ccggcggcg
tcac
tatcc
tgctcgg
ccatagg
cccttgg
acgtccc
ttgtcaacc
aacgccg
gaaagagagg
g
aaggc
ggaa
g
cag
gaaatctg
tatgg
atacagaa
ggcgcg
gcgcgtc
tcaagaa
tccaaat
ccgata
gtgcg
ttgaatc
tagt
gcgcgg
aact
caaatacg
tggg
taacgt
caattgacta
cacag
ata
caaaaa
acc
ccgcactagtt
a
agaata
cgctagtca
caggggct
tgccgg
tgacat
gtgcg
cga
ttgggaa
gtgaaaaa
gggaatcg
ggggc
ggccaaac
gatgacaag
cgca
ggatctaga
ggtctg
taagcgt
tcagacccagaca
ggcccac
ctt
tctacccgt
caactaa
gattc
ccgc
agcgatcatt
caccttatga
ctgaat
gct
cgaa
gtgag
gccagt
taaagg
ctta
tgtgaa
caagctgca
cgaaa
atgca
aaaagaggc
caccgagac
acgat
atccag
cggtgt
cgaatcacgct
taggg
caatggt
tgagg
aca
ttctaag
caccaa
ggtatgtaatga
agttg
c
ggagtag
gggactccg
agtacgc
ggtctga
gt
gcgggt
aggatata
atgcgcgggcg
cacatc
gaggatcct
tatc
acat
acacac
attttt
ttggac
acaa
tggtta
aggacg
gtccgg
ataaagc
ataacgc
gcttag
agaac
ggaaataatc
atacgcc
agaaa
cgaaa
aacgata
acctatcgaa
aaggtt
atccctca
aaagtac
ccggctcaga
cgagaaa
acaaatgga
cattaaatc
gcgcc
gagaa
actaat
ggctga
tta
gctcccg
tgtgtt
acag
tcggagacag
aga
agggcgc
gacaaa
ggcaag
aaaca
gaat
tcca
atgtgc
gtca
gc
tagtacc
tagaactaa
gagac
tcagac
ctgggcga
ggagttca
ccac
attc
agatag
gtcggcgt
gtctaaca
gttagt
cagatt
accgg
at
caagta
tcgggta
agccatag
ttgaagct
ccggaa
ccactcta
gctgccgga
tta
tc
ctgcc
ctccgtaa
ttaact
ag
agt
cga
ttccgggtc
ctaaag
tgtg
tatactac
tta
aggagt
aga
tgttgg
ctcggcg
attgtg
ttgatcac
agtaatgtctg
gaacagat
ggaatgag
ggacaata
ccactata
at
ttttg
caaggagga
gtggacga
taataat
gagtt
gaaaatagc
aaataa
cataggcccag
ggttcag
ttcatgc
tagagcc
ggacgtc
caag
acatttt
gtgtcgga
cattgactg
tagtagtac
acgga
gaagaa
gcttc
agcgccta
ggtgt
ataa
ctta
aggg
acaagcta
aaaaa
aagaatg
cagccgtca
ttcgtgtag
tctacg
gaacgcag
atatctt
tgtaga
gtc
cgtt
gtagtcgaagat
ttcaaatt
cta
accagaa
aaccat
tgattagaca
cgttaa
actcgagg
gattagtggc
accaag
g
gcctaaac
atagta
tacag
cgtag
atgcatt
tggggg
cccgatagc
acgccct
gcgga
gg
aatta
taggaaa
gcata
ttga
gactaaa
tagggttagggg
aagaggg
tacac
cccaaaa
ggtacgc
gaact
atcgcg
aaaaaac
ctaacgct
cgagt
ggtccacgag
agaata
gca
aacaac
caacgtg
c
cctggcaag
gcagggaca
ctca
caatgac
gca
taggtc
ccttac
acccaac
tgtac
gttgattgat
acgc
taactcac
agc
cccac
agga
gtcgac
tagaggt
acgg
gtaaggat
ataggagt
catggaac
gcgtg
aag
gcaa
acggggc
cgc
ggaggcgta
gaattta
ttcaat
agtaa
taagc
tattata
taataa
cagcaca
agaaca
agcat
aataacagcgt
tgaaaac
atcgac
ctgaa
aaatat
cacgatag
ttccgtgc
gaggcaggtg
gaata
agca
gtcaacgc
gatca
gactaga
tatatgac
tagagc
tgta
gaaactaaaa
gcccgcgcga
gggcgtca

cggct

ttaag
taggt
gagtaacgg
atacgg
gca
aatgaatgc
ggta
gatttccata
agaagact
accttaa
tctgaaacaaa
gggcgt
tgt
tc
cgcaatga
caagttac
gaaaaat
gttac
atg
aggt
aaact
aa
aacaaggc
atctaagtg
taggcaggg
aatcgctt
ggtggggcg
actgcca
aaaagtgcgt
gcac
ggcttt
aagcc
ctacgg
ac
gg
aata
actcac
aatagctg
aactttaatact
cttca
agag
catcaata
cagccg
tagccaggt
atgcgag
ttgatag
actcaatc
ctggg
ccgccgatta
gag
aaatgtctgacc
ttaa
caggcaag
gacga
ctagcg
gaagctaggga
gtactgta
cgga
attaag
gaggaccaa
accca
gctgtac
cctcat
aca
tgacacc
acagaa
ggccaccaagg
catcgttata
aagcac
tgtattcgc
ttcagc
caagcaa
gaa
aggaa
tt
cggttaaac
ctgtg
acagtata
attggccg
gacac
ctgattcgt
atgatc
gcaca
cattt
ggtgtgcac
ttactg
tgagtgg
gacagc
actca
aa
aaaagcg
ccgagaca
tgggag
gacga
aaatga
tggaattcg
cgtccggg
ataaaatag
accccca
aggaaaggtgc
gcgg
aaagggaaaa
atgctttgtga
gcacga
acatca
cttcga
aac
aatgaca
tcgaaaca
tgcctgaa
ttgat
agccggag
attaggg
ccg
gacgtt
cactgcgg
ccaaatgc
acggcaacta
atct
caatgga
tatt
cttg
gagacgga
gatgg
aatctggaa
ttacatgc
gctagtta
gcgaaagc
gaag
gcgagag
aaacg
tgaaatgcaag
gggtatgac
catttt
gaagtta
tgacatccga
aagaacatc
gaactc
caatatcgg
ggcatg
catattcc
tgcatact
cacattcg
gtggt
cga
tgtgta
caagat
cgaaggg
aatccgca
aggttttga
tattccga
aaggcat
tgagg
ctg
cctcgaagctt
ctg
aaa
ttccttctc
tgtaca
gcggaa
cctc
tggtagaa
gaatgaaa
tcaaggggt
t
gtttta
ca
cgagtaatc
tggaa
cataagca
ctgggacc
ccc
a
aacg
tatcacag
ctttcactga
aggcgatg
tcaagcgtc
cacggcagcc
aagcactt
actgatac
cactcg
aatcagta
actct
agcgaat
tta
agcg
gtaaagac
gtcacga
tagtgcaat
tctagatg
ccct
ctacgc
a
ccccc
ccgca
ggacattt
ccctgtg
agctaacgc
aaccggagc
ttaggtc
ccgccgta
aagggc
tgagcatag
agtg
atc
tcagagtcc
ggagccc
ggtcaactcg
attcgt
ggtaagg
gcgcaagcc
acaccata
agcatc
tgac
ccctttg
tgga
tatggac
aacc
aaacta
